<?xml version="1.0" encoding="UTF-8"?>
<!-- Generated by org.testng.reporters.JUnitReportReporter -->
<testsuite hostname="DESKTOP-OTD33CM" failures="0" tests="1" name="test.AddCustomerTest" time="8.213" errors="0" timestamp="2023-07-24T18:46:01 PDT" skipped="0">
  <testcase classname="test.AddCustomerTest" name="userShouldBeAbleToAddCustomer" time="8.213"/>
</testsuite> <!-- test.AddCustomerTest -->
