<?xml version="1.0" encoding="UTF-8"?>
<!-- Generated by org.testng.reporters.JUnitReportReporter -->
<testsuite hostname="DESKTOP-OTD33CM" failures="0" tests="1" name="test.LoginTest" time="4.009" errors="0" timestamp="2023-07-23T14:20:19 PDT" skipped="0">
  <testcase classname="test.LoginTest" name="validUserShuldBeAbleToLogin" time="4.009"/>
</testsuite> <!-- test.LoginTest -->
